<?xml version="1.0" encoding="UTF-8"?>
<!-- Generated by org.testng.reporters.JUnitXMLReporter -->
<testsuite ignored="0" hostname="Githi_Christy" failures="0" tests="4" name="Test" time="131.134" errors="0" timestamp="2026-03-14T22:16:34 IST">
  <testcase classname="amzonpkg.AmazonProject.TC3_LoginSearchingWhishlistCart" name="login_Searching_Whishlist_Cart" time="61.152"/>
  <testcase classname="amzonpkg.AmazonProject.TC1_LoginToAmazon" name="withValidCredentials" time="3.634">
    <skipped/>
  </testcase> <!-- withValidCredentials -->
  <testcase classname="amzonpkg.AmazonProject.TC1_LoginToAmazon" name="withValidCredentials" time="8.417"/>
  <testcase classname="amzonpkg.AmazonProject.TC2_LoginAndLogoutAmazon" name="withValidCredentialsLoginLogout" time="15.91"/>
</testsuite> <!-- Test -->
