<?xml version="1.0" encoding="UTF-8"?>
<!-- Generated by org.testng.reporters.JUnitXMLReporter -->
<testsuite ignored="0" hostname="Githi_Christy" failures="0" tests="5" name="Test" time="151.772" errors="0" timestamp="2026-03-15T11:43:44 IST">
  <testcase classname="amzonpkg.AmazonProject.TC3_LoginSearchingWhishlistCart" name="login_Searching_Whishlist_Cart" time="42.818">
    <skipped/>
  </testcase> <!-- login_Searching_Whishlist_Cart -->
  <testcase classname="amzonpkg.AmazonProject.TC3_LoginSearchingWhishlistCart" name="login_Searching_Whishlist_Cart" time="47.472"/>
  <testcase classname="amzonpkg.AmazonProject.TC1_LoginToAmazon" name="withValidCredentials" time="2.942">
    <skipped/>
  </testcase> <!-- withValidCredentials -->
  <testcase classname="amzonpkg.AmazonProject.TC1_LoginToAmazon" name="withValidCredentials" time="6.032"/>
  <testcase classname="amzonpkg.AmazonProject.TC2_LoginAndLogoutAmazon" name="withValidCredentialsLoginLogout" time="11.408"/>
</testsuite> <!-- Test -->
