<?xml version="1.0" encoding="UTF-8"?>
<testng-results retried="2" ignored="2" total="7" passed="3" failed="0" skipped="0">
  <reporter-output>
    <line>
      <![CDATA[Browser and URL launched successfully]]>
    </line>
    <line>
      <![CDATA[Hoverover on account and List and Click on sigin is successful]]>
    </line>
    <line>
      <![CDATA[Searching the product(shoe),clicking on the first result and moving the control to it is successful]]>
    </line>
    <line>
      <![CDATA[click on WishList,click on add to cart is successful]]>
    </line>
    <line>
      <![CDATA[Browser and URL launched successfully]]>
    </line>
    <line>
      <![CDATA[Hoverover on account and List and Click on sigin is successful]]>
    </line>
    <line>
      <![CDATA[Searching the product(shoe),clicking on the first result and moving the control to it is successful]]>
    </line>
    <line>
      <![CDATA[click on WishList,click on add to cart is successful]]>
    </line>
    <line>
      <![CDATA[Hoverover on account and List and Click on signout is successful]]>
    </line>
    <line>
      <![CDATA[Browser and URL launched successfully]]>
    </line>
    <line>
      <![CDATA[Hoverover on account and List and Click on sigin is successful]]>
    </line>
    <line>
      <![CDATA[UserName and Password has been entered successfully]]>
    </line>
    <line>
      <![CDATA[Browser and URL launched successfully]]>
    </line>
    <line>
      <![CDATA[Hoverover on account and List and Click on sigin is successful]]>
    </line>
    <line>
      <![CDATA[UserName and Password has been entered successfully]]>
    </line>
    <line>
      <![CDATA[Test Case is Pass as Assertion is alos Pass]]>
    </line>
    <line>
      <![CDATA[Browser and URL launched successfully]]>
    </line>
    <line>
      <![CDATA[Hoverover on account and List and Click on sigin is successful]]>
    </line>
    <line>
      <![CDATA[Hoverover on account and List and Click on signout is successful]]>
    </line>
    <line>
      <![CDATA[Test Case is Pass as Assertion is alos Pass]]>
    </line>
  </reporter-output>
  <suite started-at="2026-03-15T11:41:12 IST" name="Suite" finished-at="2026-03-15T11:43:44 IST" duration-ms="151772">
    <groups>
    </groups>
    <test started-at="2026-03-15T11:41:12 IST" name="Test" finished-at="2026-03-15T11:43:44 IST" duration-ms="151772">
      <class name="amzonpkg.AmazonProject.TC3_LoginSearchingWhishlistCart">
        <test-method is-config="true" signature="launchBrowser(java.lang.String,java.lang.String)[pri:0, instance:amzonpkg.AmazonProject.TC3_LoginSearchingWhishlistCart@333291e3]" started-at="2026-03-15T11:41:12 IST" name="launchBrowser" finished-at="2026-03-15T11:41:18 IST" duration-ms="6314" status="PASS">
          <params>
            <param index="0">
              <value>
                <![CDATA[chrome]]>
              </value>
            </param>
            <param index="1">
              <value>
                <![CDATA[https://www.amazon.in/]]>
              </value>
            </param>
          </params>
          <reporter-output>
          </reporter-output>
        </test-method> <!-- launchBrowser -->
        <test-method retried="true" signature="login_Searching_Whishlist_Cart()[pri:0, instance:amzonpkg.AmazonProject.TC3_LoginSearchingWhishlistCart@333291e3]" started-at="2026-03-15T11:41:18 IST" name="login_Searching_Whishlist_Cart" finished-at="2026-03-15T11:42:01 IST" duration-ms="42818" status="SKIP">
          <exception class="org.openqa.selenium.TimeoutException">
            <message>
              <![CDATA[timeout
from aborted by navigation: Not attached to an active page
  (Session info: chrome=145.0.7632.117)
Build info: version: '4.40.0', revision: 'b3333f1'
System info: os.name: 'Windows 11', os.arch: 'amd64', os.version: '10.0', java.version: '21.0.2'
Driver info: org.openqa.selenium.chrome.ChromeDriver
Command: [2d911531d4c290b51337916bd048be38, goBack {}]
Capabilities {acceptInsecureCerts: false, browserName: chrome, browserVersion: 145.0.7632.117, chrome: {chromedriverVersion: 145.0.7632.117 (de4e5d6e13b..., userDataDir: C:\Users\githi\AppData\Loca...}, fedcm:accounts: true, goog:chromeOptions: {debuggerAddress: localhost:51848}, goog:processID: 31492, networkConnectionEnabled: false, pageLoadStrategy: normal, platformName: windows, proxy: Proxy(), se:cdp: ws://localhost:51848/devtoo..., se:cdpVersion: 145.0.7632.117, setWindowRect: true, strictFileInteractability: false, timeouts: {implicit: 0, pageLoad: 300000, script: 30000}, unhandledPromptBehavior: dismiss and notify, webauthn:extension:credBlob: true, webauthn:extension:largeBlob: true, webauthn:extension:minPinLength: true, webauthn:extension:prf: true, webauthn:virtualAuthenticators: true}
Session ID: 2d911531d4c290b51337916bd048be38]]>
            </message>
            <full-stacktrace>
              <![CDATA[org.openqa.selenium.TimeoutException: timeout
from aborted by navigation: Not attached to an active page
  (Session info: chrome=145.0.7632.117)
Build info: version: '4.40.0', revision: 'b3333f1'
System info: os.name: 'Windows 11', os.arch: 'amd64', os.version: '10.0', java.version: '21.0.2'
Driver info: org.openqa.selenium.chrome.ChromeDriver
Command: [2d911531d4c290b51337916bd048be38, goBack {}]
Capabilities {acceptInsecureCerts: false, browserName: chrome, browserVersion: 145.0.7632.117, chrome: {chromedriverVersion: 145.0.7632.117 (de4e5d6e13b..., userDataDir: C:\Users\githi\AppData\Loca...}, fedcm:accounts: true, goog:chromeOptions: {debuggerAddress: localhost:51848}, goog:processID: 31492, networkConnectionEnabled: false, pageLoadStrategy: normal, platformName: windows, proxy: Proxy(), se:cdp: ws://localhost:51848/devtoo..., se:cdpVersion: 145.0.7632.117, setWindowRect: true, strictFileInteractability: false, timeouts: {implicit: 0, pageLoad: 300000, script: 30000}, unhandledPromptBehavior: dismiss and notify, webauthn:extension:credBlob: true, webauthn:extension:largeBlob: true, webauthn:extension:minPinLength: true, webauthn:extension:prf: true, webauthn:virtualAuthenticators: true}
Session ID: 2d911531d4c290b51337916bd048be38
at org.openqa.selenium.remote.ErrorCodec.decode(ErrorCodec.java:169)
at org.openqa.selenium.remote.codec.w3c.W3CHttpResponseCodec.decode(W3CHttpResponseCodec.java:142)
at org.openqa.selenium.remote.codec.w3c.W3CHttpResponseCodec.decode(W3CHttpResponseCodec.java:49)
at org.openqa.selenium.remote.HttpCommandExecutor.execute(HttpCommandExecutor.java:223)
at org.openqa.selenium.remote.service.DriverCommandExecutor.invokeExecute(DriverCommandExecutor.java:216)
at org.openqa.selenium.remote.service.DriverCommandExecutor.execute(DriverCommandExecutor.java:174)
at org.openqa.selenium.remote.RemoteWebDriver.execute(RemoteWebDriver.java:601)
at org.openqa.selenium.remote.RemoteWebDriver.execute(RemoteWebDriver.java:678)
at org.openqa.selenium.remote.RemoteWebDriver.execute(RemoteWebDriver.java:682)
at org.openqa.selenium.remote.RemoteWebDriver$RemoteNavigation.back(RemoteWebDriver.java:1169)
at amzonpkg.AmazonProject.TC3_LoginSearchingWhishlistCart.login_Searching_Whishlist_Cart(TC3_LoginSearchingWhishlistCart.java:40)
at java.base/jdk.internal.reflect.DirectMethodHandleAccessor.invoke(DirectMethodHandleAccessor.java:103)
at java.base/java.lang.reflect.Method.invoke(Method.java:580)
at org.testng.internal.invokers.MethodInvocationHelper.invokeMethod(MethodInvocationHelper.java:141)
at org.testng.internal.invokers.TestInvoker.invokeMethod(TestInvoker.java:686)
at org.testng.internal.invokers.TestInvoker.invokeTestMethod(TestInvoker.java:230)
at org.testng.internal.invokers.MethodRunner.runInSequence(MethodRunner.java:63)
at org.testng.internal.invokers.TestInvoker$MethodInvocationAgent.invoke(TestInvoker.java:992)
at org.testng.internal.invokers.TestInvoker.invokeTestMethods(TestInvoker.java:203)
at org.testng.internal.invokers.TestMethodWorker.invokeTestMethods(TestMethodWorker.java:154)
at org.testng.internal.invokers.TestMethodWorker.run(TestMethodWorker.java:134)
at java.base/java.util.ArrayList.forEach(ArrayList.java:1596)
at org.testng.TestRunner.privateRun(TestRunner.java:739)
at org.testng.TestRunner.run(TestRunner.java:614)
at org.testng.SuiteRunner.runTest(SuiteRunner.java:421)
at org.testng.SuiteRunner.runSequentially(SuiteRunner.java:413)
at org.testng.SuiteRunner.privateRun(SuiteRunner.java:373)
at org.testng.SuiteRunner.run(SuiteRunner.java:312)
at org.testng.SuiteRunnerWorker.runSuite(SuiteRunnerWorker.java:52)
at org.testng.SuiteRunnerWorker.run(SuiteRunnerWorker.java:95)
at org.testng.TestNG.runSuitesSequentially(TestNG.java:1274)
at org.testng.TestNG.runSuitesLocally(TestNG.java:1208)
at org.testng.TestNG.runSuites(TestNG.java:1112)
at org.testng.TestNG.run(TestNG.java:1079)
at org.apache.maven.surefire.testng.TestNGExecutor.run(TestNGExecutor.java:308)
at org.apache.maven.surefire.testng.TestNGXmlTestSuite.execute(TestNGXmlTestSuite.java:71)
at org.apache.maven.surefire.testng.TestNGProvider.invoke(TestNGProvider.java:113)
at org.apache.maven.surefire.booter.ForkedBooter.runSuitesInProcess(ForkedBooter.java:385)
at org.apache.maven.surefire.booter.ForkedBooter.execute(ForkedBooter.java:162)
at org.apache.maven.surefire.booter.ForkedBooter.run(ForkedBooter.java:507)
at org.apache.maven.surefire.booter.ForkedBooter.main(ForkedBooter.java:495)
]]>
            </full-stacktrace>
          </exception> <!-- org.openqa.selenium.TimeoutException -->
          <reporter-output>
            <line>
              <![CDATA[Browser and URL launched successfully]]>
            </line>
            <line>
              <![CDATA[Hoverover on account and List and Click on sigin is successful]]>
            </line>
            <line>
              <![CDATA[Searching the product(shoe),clicking on the first result and moving the control to it is successful]]>
            </line>
            <line>
              <![CDATA[click on WishList,click on add to cart is successful]]>
            </line>
          </reporter-output>
        </test-method> <!-- login_Searching_Whishlist_Cart -->
        <test-method is-config="true" signature="browserQuit()[pri:0, instance:amzonpkg.AmazonProject.TC3_LoginSearchingWhishlistCart@333291e3]" started-at="2026-03-15T11:42:01 IST" name="browserQuit" finished-at="2026-03-15T11:42:03 IST" duration-ms="2360" status="PASS">
          <reporter-output>
          </reporter-output>
        </test-method> <!-- browserQuit -->
        <test-method is-config="true" signature="launchBrowser(java.lang.String,java.lang.String)[pri:0, instance:amzonpkg.AmazonProject.TC3_LoginSearchingWhishlistCart@333291e3]" started-at="2026-03-15T11:42:03 IST" name="launchBrowser" finished-at="2026-03-15T11:42:08 IST" duration-ms="4906" status="PASS">
          <params>
            <param index="0">
              <value>
                <![CDATA[chrome]]>
              </value>
            </param>
            <param index="1">
              <value>
                <![CDATA[https://www.amazon.in/]]>
              </value>
            </param>
          </params>
          <reporter-output>
          </reporter-output>
        </test-method> <!-- launchBrowser -->
        <test-method signature="login_Searching_Whishlist_Cart()[pri:0, instance:amzonpkg.AmazonProject.TC3_LoginSearchingWhishlistCart@333291e3]" started-at="2026-03-15T11:42:08 IST" name="login_Searching_Whishlist_Cart" finished-at="2026-03-15T11:42:56 IST" duration-ms="47472" status="PASS">
          <reporter-output>
            <line>
              <![CDATA[Browser and URL launched successfully]]>
            </line>
            <line>
              <![CDATA[Hoverover on account and List and Click on sigin is successful]]>
            </line>
            <line>
              <![CDATA[Searching the product(shoe),clicking on the first result and moving the control to it is successful]]>
            </line>
            <line>
              <![CDATA[click on WishList,click on add to cart is successful]]>
            </line>
            <line>
              <![CDATA[Hoverover on account and List and Click on signout is successful]]>
            </line>
          </reporter-output>
        </test-method> <!-- login_Searching_Whishlist_Cart -->
        <test-method is-config="true" signature="browserQuit()[pri:0, instance:amzonpkg.AmazonProject.TC3_LoginSearchingWhishlistCart@333291e3]" started-at="2026-03-15T11:42:56 IST" name="browserQuit" finished-at="2026-03-15T11:42:58 IST" duration-ms="2352" status="PASS">
          <reporter-output>
          </reporter-output>
        </test-method> <!-- browserQuit -->
      </class> <!-- amzonpkg.AmazonProject.TC3_LoginSearchingWhishlistCart -->
      <class name="amzonpkg.AmazonProject.TC2_LoginAndLogoutAmazon">
        <test-method is-config="true" signature="launchBrowser(java.lang.String,java.lang.String)[pri:0, instance:amzonpkg.AmazonProject.TC2_LoginAndLogoutAmazon@52bf72b5]" started-at="2026-03-15T11:43:24 IST" name="launchBrowser" finished-at="2026-03-15T11:43:30 IST" duration-ms="5480" status="PASS">
          <params>
            <param index="0">
              <value>
                <![CDATA[chrome]]>
              </value>
            </param>
            <param index="1">
              <value>
                <![CDATA[https://www.amazon.in/]]>
              </value>
            </param>
          </params>
          <reporter-output>
          </reporter-output>
        </test-method> <!-- launchBrowser -->
        <test-method signature="withValidCredentialsLoginLogout()[pri:0, instance:amzonpkg.AmazonProject.TC2_LoginAndLogoutAmazon@52bf72b5]" started-at="2026-03-15T11:43:30 IST" name="withValidCredentialsLoginLogout" finished-at="2026-03-15T11:43:41 IST" duration-ms="11408" status="PASS">
          <reporter-output>
            <line>
              <![CDATA[Browser and URL launched successfully]]>
            </line>
            <line>
              <![CDATA[Hoverover on account and List and Click on sigin is successful]]>
            </line>
            <line>
              <![CDATA[Hoverover on account and List and Click on signout is successful]]>
            </line>
            <line>
              <![CDATA[Test Case is Pass as Assertion is alos Pass]]>
            </line>
          </reporter-output>
        </test-method> <!-- withValidCredentialsLoginLogout -->
        <test-method is-config="true" signature="browserQuit()[pri:0, instance:amzonpkg.AmazonProject.TC2_LoginAndLogoutAmazon@52bf72b5]" started-at="2026-03-15T11:43:41 IST" name="browserQuit" finished-at="2026-03-15T11:43:44 IST" duration-ms="2451" status="PASS">
          <reporter-output>
          </reporter-output>
        </test-method> <!-- browserQuit -->
      </class> <!-- amzonpkg.AmazonProject.TC2_LoginAndLogoutAmazon -->
      <class name="amzonpkg.AmazonProject.TC1_LoginToAmazon">
        <test-method is-config="true" signature="launchBrowser(java.lang.String,java.lang.String)[pri:0, instance:amzonpkg.AmazonProject.TC1_LoginToAmazon@6d763516]" started-at="2026-03-15T11:42:58 IST" name="launchBrowser" finished-at="2026-03-15T11:43:04 IST" duration-ms="5920" status="PASS">
          <params>
            <param index="0">
              <value>
                <![CDATA[chrome]]>
              </value>
            </param>
            <param index="1">
              <value>
                <![CDATA[https://www.amazon.in/]]>
              </value>
            </param>
          </params>
          <reporter-output>
          </reporter-output>
        </test-method> <!-- launchBrowser -->
        <test-method retried="true" signature="withValidCredentials()[pri:0, instance:amzonpkg.AmazonProject.TC1_LoginToAmazon@6d763516]" started-at="2026-03-15T11:43:04 IST" name="withValidCredentials" finished-at="2026-03-15T11:43:07 IST" duration-ms="2942" status="SKIP">
          <exception class="java.lang.AssertionError">
            <message>
              <![CDATA[The following asserts failed:
Assertion Failed for Test Case 1 since the title is not matching expected [Online Shopping site in India: Shop Online for Mobiles, Books, Watches, Shoes and More - Amazon.in] but found [Amazon Sign In]]]>
            </message>
            <full-stacktrace>
              <![CDATA[java.lang.AssertionError: The following asserts failed:
Assertion Failed for Test Case 1 since the title is not matching expected [Online Shopping site in India: Shop Online for Mobiles, Books, Watches, Shoes and More - Amazon.in] but found [Amazon Sign In]
at org.testng.asserts.SoftAssert.assertAll(SoftAssert.java:46)
at org.testng.asserts.SoftAssert.assertAll(SoftAssert.java:30)
at amzonpkg.AmazonProject.TC1_LoginToAmazon.withValidCredentials(TC1_LoginToAmazon.java:30)
at java.base/jdk.internal.reflect.DirectMethodHandleAccessor.invoke(DirectMethodHandleAccessor.java:103)
at java.base/java.lang.reflect.Method.invoke(Method.java:580)
at org.testng.internal.invokers.MethodInvocationHelper.invokeMethod(MethodInvocationHelper.java:141)
at org.testng.internal.invokers.TestInvoker.invokeMethod(TestInvoker.java:686)
at org.testng.internal.invokers.TestInvoker.invokeTestMethod(TestInvoker.java:230)
at org.testng.internal.invokers.MethodRunner.runInSequence(MethodRunner.java:63)
at org.testng.internal.invokers.TestInvoker$MethodInvocationAgent.invoke(TestInvoker.java:992)
at org.testng.internal.invokers.TestInvoker.invokeTestMethods(TestInvoker.java:203)
at org.testng.internal.invokers.TestMethodWorker.invokeTestMethods(TestMethodWorker.java:154)
at org.testng.internal.invokers.TestMethodWorker.run(TestMethodWorker.java:134)
at java.base/java.util.ArrayList.forEach(ArrayList.java:1596)
at org.testng.TestRunner.privateRun(TestRunner.java:739)
at org.testng.TestRunner.run(TestRunner.java:614)
at org.testng.SuiteRunner.runTest(SuiteRunner.java:421)
at org.testng.SuiteRunner.runSequentially(SuiteRunner.java:413)
at org.testng.SuiteRunner.privateRun(SuiteRunner.java:373)
at org.testng.SuiteRunner.run(SuiteRunner.java:312)
at org.testng.SuiteRunnerWorker.runSuite(SuiteRunnerWorker.java:52)
at org.testng.SuiteRunnerWorker.run(SuiteRunnerWorker.java:95)
at org.testng.TestNG.runSuitesSequentially(TestNG.java:1274)
at org.testng.TestNG.runSuitesLocally(TestNG.java:1208)
at org.testng.TestNG.runSuites(TestNG.java:1112)
at org.testng.TestNG.run(TestNG.java:1079)
at org.apache.maven.surefire.testng.TestNGExecutor.run(TestNGExecutor.java:308)
at org.apache.maven.surefire.testng.TestNGXmlTestSuite.execute(TestNGXmlTestSuite.java:71)
at org.apache.maven.surefire.testng.TestNGProvider.invoke(TestNGProvider.java:113)
at org.apache.maven.surefire.booter.ForkedBooter.runSuitesInProcess(ForkedBooter.java:385)
at org.apache.maven.surefire.booter.ForkedBooter.execute(ForkedBooter.java:162)
at org.apache.maven.surefire.booter.ForkedBooter.run(ForkedBooter.java:507)
at org.apache.maven.surefire.booter.ForkedBooter.main(ForkedBooter.java:495)
]]>
            </full-stacktrace>
          </exception> <!-- java.lang.AssertionError -->
          <reporter-output>
            <line>
              <![CDATA[Browser and URL launched successfully]]>
            </line>
            <line>
              <![CDATA[Hoverover on account and List and Click on sigin is successful]]>
            </line>
            <line>
              <![CDATA[UserName and Password has been entered successfully]]>
            </line>
          </reporter-output>
        </test-method> <!-- withValidCredentials -->
        <test-method is-config="true" signature="browserQuit()[pri:0, instance:amzonpkg.AmazonProject.TC1_LoginToAmazon@6d763516]" started-at="2026-03-15T11:43:07 IST" name="browserQuit" finished-at="2026-03-15T11:43:10 IST" duration-ms="2262" status="PASS">
          <reporter-output>
          </reporter-output>
        </test-method> <!-- browserQuit -->
        <test-method is-config="true" signature="launchBrowser(java.lang.String,java.lang.String)[pri:0, instance:amzonpkg.AmazonProject.TC1_LoginToAmazon@6d763516]" started-at="2026-03-15T11:43:10 IST" name="launchBrowser" finished-at="2026-03-15T11:43:15 IST" duration-ms="5741" status="PASS">
          <params>
            <param index="0">
              <value>
                <![CDATA[chrome]]>
              </value>
            </param>
            <param index="1">
              <value>
                <![CDATA[https://www.amazon.in/]]>
              </value>
            </param>
          </params>
          <reporter-output>
          </reporter-output>
        </test-method> <!-- launchBrowser -->
        <test-method signature="withValidCredentials()[pri:0, instance:amzonpkg.AmazonProject.TC1_LoginToAmazon@6d763516]" started-at="2026-03-15T11:43:15 IST" name="withValidCredentials" finished-at="2026-03-15T11:43:21 IST" duration-ms="6032" status="PASS">
          <reporter-output>
            <line>
              <![CDATA[Browser and URL launched successfully]]>
            </line>
            <line>
              <![CDATA[Hoverover on account and List and Click on sigin is successful]]>
            </line>
            <line>
              <![CDATA[UserName and Password has been entered successfully]]>
            </line>
            <line>
              <![CDATA[Test Case is Pass as Assertion is alos Pass]]>
            </line>
          </reporter-output>
        </test-method> <!-- withValidCredentials -->
        <test-method is-config="true" signature="browserQuit()[pri:0, instance:amzonpkg.AmazonProject.TC1_LoginToAmazon@6d763516]" started-at="2026-03-15T11:43:22 IST" name="browserQuit" finished-at="2026-03-15T11:43:24 IST" duration-ms="2285" status="PASS">
          <reporter-output>
          </reporter-output>
        </test-method> <!-- browserQuit -->
      </class> <!-- amzonpkg.AmazonProject.TC1_LoginToAmazon -->
    </test> <!-- Test -->
  </suite> <!-- Suite -->
</testng-results>
