<?xml version="1.0" encoding="UTF-8"?>
<testng-results retried="1" ignored="1" total="5" passed="3" failed="0" skipped="0">
  <reporter-output>
    <line>
      <![CDATA[Browser and URL launched successfully]]>
    </line>
    <line>
      <![CDATA[Hoverover on account and List and Click on sigin is successful]]>
    </line>
    <line>
      <![CDATA[Searching the product(shoe),clicking on the first result and moving the control to it is successful]]>
    </line>
    <line>
      <![CDATA[click on WishList,click on add to cart is successful]]>
    </line>
    <line>
      <![CDATA[Hoverover on account and List and Click on signout is successful]]>
    </line>
    <line>
      <![CDATA[Browser and URL launched successfully]]>
    </line>
    <line>
      <![CDATA[Hoverover on account and List and Click on sigin is successful]]>
    </line>
    <line>
      <![CDATA[Browser and URL launched successfully]]>
    </line>
    <line>
      <![CDATA[Hoverover on account and List and Click on sigin is successful]]>
    </line>
    <line>
      <![CDATA[UserName and Password has been entered successfully]]>
    </line>
    <line>
      <![CDATA[Test Case is Pass as Assertion is alos Pass]]>
    </line>
    <line>
      <![CDATA[Browser and URL launched successfully]]>
    </line>
    <line>
      <![CDATA[Hoverover on account and List and Click on sigin is successful]]>
    </line>
    <line>
      <![CDATA[Hoverover on account and List and Click on signout is successful]]>
    </line>
    <line>
      <![CDATA[Test Case is Pass as Assertion is alos Pass]]>
    </line>
  </reporter-output>
  <suite started-at="2026-03-14T22:14:23 IST" name="Suite" finished-at="2026-03-14T22:16:34 IST" duration-ms="131134">
    <groups>
    </groups>
    <test started-at="2026-03-14T22:14:23 IST" name="Test" finished-at="2026-03-14T22:16:34 IST" duration-ms="131134">
      <class name="amzonpkg.AmazonProject.TC3_LoginSearchingWhishlistCart">
        <test-method is-config="true" signature="launchBrowser(java.lang.String,java.lang.String)[pri:0, instance:amzonpkg.AmazonProject.TC3_LoginSearchingWhishlistCart@48f2bd5b]" started-at="2026-03-14T22:14:23 IST" name="launchBrowser" finished-at="2026-03-14T22:14:31 IST" duration-ms="8391" status="PASS">
          <params>
            <param index="0">
              <value>
                <![CDATA[chrome]]>
              </value>
            </param>
            <param index="1">
              <value>
                <![CDATA[https://www.amazon.in/]]>
              </value>
            </param>
          </params>
          <reporter-output>
          </reporter-output>
        </test-method> <!-- launchBrowser -->
        <test-method signature="login_Searching_Whishlist_Cart()[pri:0, instance:amzonpkg.AmazonProject.TC3_LoginSearchingWhishlistCart@48f2bd5b]" started-at="2026-03-14T22:14:31 IST" name="login_Searching_Whishlist_Cart" finished-at="2026-03-14T22:15:33 IST" duration-ms="61152" status="PASS">
          <reporter-output>
            <line>
              <![CDATA[Browser and URL launched successfully]]>
            </line>
            <line>
              <![CDATA[Hoverover on account and List and Click on sigin is successful]]>
            </line>
            <line>
              <![CDATA[Searching the product(shoe),clicking on the first result and moving the control to it is successful]]>
            </line>
            <line>
              <![CDATA[click on WishList,click on add to cart is successful]]>
            </line>
            <line>
              <![CDATA[Hoverover on account and List and Click on signout is successful]]>
            </line>
          </reporter-output>
        </test-method> <!-- login_Searching_Whishlist_Cart -->
        <test-method is-config="true" signature="browserQuit()[pri:0, instance:amzonpkg.AmazonProject.TC3_LoginSearchingWhishlistCart@48f2bd5b]" started-at="2026-03-14T22:15:33 IST" name="browserQuit" finished-at="2026-03-14T22:15:35 IST" duration-ms="2493" status="PASS">
          <reporter-output>
          </reporter-output>
        </test-method> <!-- browserQuit -->
      </class> <!-- amzonpkg.AmazonProject.TC3_LoginSearchingWhishlistCart -->
      <class name="amzonpkg.AmazonProject.TC2_LoginAndLogoutAmazon">
        <test-method is-config="true" signature="launchBrowser(java.lang.String,java.lang.String)[pri:0, instance:amzonpkg.AmazonProject.TC2_LoginAndLogoutAmazon@2d1ef81a]" started-at="2026-03-14T22:16:08 IST" name="launchBrowser" finished-at="2026-03-14T22:16:15 IST" duration-ms="7811" status="PASS">
          <params>
            <param index="0">
              <value>
                <![CDATA[chrome]]>
              </value>
            </param>
            <param index="1">
              <value>
                <![CDATA[https://www.amazon.in/]]>
              </value>
            </param>
          </params>
          <reporter-output>
          </reporter-output>
        </test-method> <!-- launchBrowser -->
        <test-method signature="withValidCredentialsLoginLogout()[pri:0, instance:amzonpkg.AmazonProject.TC2_LoginAndLogoutAmazon@2d1ef81a]" started-at="2026-03-14T22:16:15 IST" name="withValidCredentialsLoginLogout" finished-at="2026-03-14T22:16:31 IST" duration-ms="15910" status="PASS">
          <reporter-output>
            <line>
              <![CDATA[Browser and URL launched successfully]]>
            </line>
            <line>
              <![CDATA[Hoverover on account and List and Click on sigin is successful]]>
            </line>
            <line>
              <![CDATA[Hoverover on account and List and Click on signout is successful]]>
            </line>
            <line>
              <![CDATA[Test Case is Pass as Assertion is alos Pass]]>
            </line>
          </reporter-output>
        </test-method> <!-- withValidCredentialsLoginLogout -->
        <test-method is-config="true" signature="browserQuit()[pri:0, instance:amzonpkg.AmazonProject.TC2_LoginAndLogoutAmazon@2d1ef81a]" started-at="2026-03-14T22:16:32 IST" name="browserQuit" finished-at="2026-03-14T22:16:34 IST" duration-ms="2504" status="PASS">
          <reporter-output>
          </reporter-output>
        </test-method> <!-- browserQuit -->
      </class> <!-- amzonpkg.AmazonProject.TC2_LoginAndLogoutAmazon -->
      <class name="amzonpkg.AmazonProject.TC1_LoginToAmazon">
        <test-method is-config="true" signature="launchBrowser(java.lang.String,java.lang.String)[pri:0, instance:amzonpkg.AmazonProject.TC1_LoginToAmazon@22ff4249]" started-at="2026-03-14T22:15:35 IST" name="launchBrowser" finished-at="2026-03-14T22:15:43 IST" duration-ms="7312" status="PASS">
          <params>
            <param index="0">
              <value>
                <![CDATA[chrome]]>
              </value>
            </param>
            <param index="1">
              <value>
                <![CDATA[https://www.amazon.in/]]>
              </value>
            </param>
          </params>
          <reporter-output>
          </reporter-output>
        </test-method> <!-- launchBrowser -->
        <test-method retried="true" signature="withValidCredentials()[pri:0, instance:amzonpkg.AmazonProject.TC1_LoginToAmazon@22ff4249]" started-at="2026-03-14T22:15:43 IST" name="withValidCredentials" finished-at="2026-03-14T22:15:46 IST" duration-ms="3634" status="SKIP">
          <exception class="org.openqa.selenium.StaleElementReferenceException">
            <message>
              <![CDATA[stale element reference: stale element not found
  (Session info: chrome=145.0.7632.117)
For documentation on this error, please visit: https://www.selenium.dev/documentation/webdriver/troubleshooting/errors#staleelementreferenceexception
Build info: version: '4.40.0', revision: 'b3333f1'
System info: os.name: 'Windows 11', os.arch: 'amd64', os.version: '10.0', java.version: '21.0.2'
Driver info: org.openqa.selenium.chrome.ChromeDriver
Command: [84f5311ddc686c81b3d6aacf2efb2f13, sendKeysToElement {id=f.817CB3108B0916049DA1DBECB08B28AA.d.87405901FED552B934E7EA7B325E487B.e.111, value=[Ljava.lang.CharSequence;@33c2bd}]
Capabilities {acceptInsecureCerts: false, browserName: chrome, browserVersion: 145.0.7632.117, chrome: {chromedriverVersion: 145.0.7632.117 (de4e5d6e13b..., userDataDir: C:\Users\githi\AppData\Loca...}, fedcm:accounts: true, goog:chromeOptions: {debuggerAddress: localhost:58372}, goog:processID: 58216, networkConnectionEnabled: false, pageLoadStrategy: normal, platformName: windows, proxy: Proxy(), se:cdp: ws://localhost:58372/devtoo..., se:cdpVersion: 145.0.7632.117, setWindowRect: true, strictFileInteractability: false, timeouts: {implicit: 0, pageLoad: 300000, script: 30000}, unhandledPromptBehavior: dismiss and notify, webauthn:extension:credBlob: true, webauthn:extension:largeBlob: true, webauthn:extension:minPinLength: true, webauthn:extension:prf: true, webauthn:virtualAuthenticators: true}
Element: [[ChromeDriver: chrome on windows (84f5311ddc686c81b3d6aacf2efb2f13)] -> name: password]
Session ID: 84f5311ddc686c81b3d6aacf2efb2f13]]>
            </message>
            <full-stacktrace>
              <![CDATA[org.openqa.selenium.StaleElementReferenceException: stale element reference: stale element not found
  (Session info: chrome=145.0.7632.117)
For documentation on this error, please visit: https://www.selenium.dev/documentation/webdriver/troubleshooting/errors#staleelementreferenceexception
Build info: version: '4.40.0', revision: 'b3333f1'
System info: os.name: 'Windows 11', os.arch: 'amd64', os.version: '10.0', java.version: '21.0.2'
Driver info: org.openqa.selenium.chrome.ChromeDriver
Command: [84f5311ddc686c81b3d6aacf2efb2f13, sendKeysToElement {id=f.817CB3108B0916049DA1DBECB08B28AA.d.87405901FED552B934E7EA7B325E487B.e.111, value=[Ljava.lang.CharSequence;@33c2bd}]
Capabilities {acceptInsecureCerts: false, browserName: chrome, browserVersion: 145.0.7632.117, chrome: {chromedriverVersion: 145.0.7632.117 (de4e5d6e13b..., userDataDir: C:\Users\githi\AppData\Loca...}, fedcm:accounts: true, goog:chromeOptions: {debuggerAddress: localhost:58372}, goog:processID: 58216, networkConnectionEnabled: false, pageLoadStrategy: normal, platformName: windows, proxy: Proxy(), se:cdp: ws://localhost:58372/devtoo..., se:cdpVersion: 145.0.7632.117, setWindowRect: true, strictFileInteractability: false, timeouts: {implicit: 0, pageLoad: 300000, script: 30000}, unhandledPromptBehavior: dismiss and notify, webauthn:extension:credBlob: true, webauthn:extension:largeBlob: true, webauthn:extension:minPinLength: true, webauthn:extension:prf: true, webauthn:virtualAuthenticators: true}
Element: [[ChromeDriver: chrome on windows (84f5311ddc686c81b3d6aacf2efb2f13)] -> name: password]
Session ID: 84f5311ddc686c81b3d6aacf2efb2f13
at org.openqa.selenium.remote.ErrorCodec.decode(ErrorCodec.java:169)
at org.openqa.selenium.remote.codec.w3c.W3CHttpResponseCodec.decode(W3CHttpResponseCodec.java:142)
at org.openqa.selenium.remote.codec.w3c.W3CHttpResponseCodec.decode(W3CHttpResponseCodec.java:49)
at org.openqa.selenium.remote.HttpCommandExecutor.execute(HttpCommandExecutor.java:223)
at org.openqa.selenium.remote.service.DriverCommandExecutor.invokeExecute(DriverCommandExecutor.java:216)
at org.openqa.selenium.remote.service.DriverCommandExecutor.execute(DriverCommandExecutor.java:174)
at org.openqa.selenium.remote.RemoteWebDriver.execute(RemoteWebDriver.java:601)
at org.openqa.selenium.remote.RemoteWebElement.execute(RemoteWebElement.java:223)
at org.openqa.selenium.remote.RemoteWebElement.sendKeys(RemoteWebElement.java:110)
at java.base/jdk.internal.reflect.DirectMethodHandleAccessor.invoke(DirectMethodHandleAccessor.java:103)
at java.base/java.lang.reflect.Method.invoke(Method.java:580)
at org.openqa.selenium.support.pagefactory.internal.LocatingElementHandler.invoke(LocatingElementHandler.java:51)
at jdk.proxy2/jdk.proxy2.$Proxy15.sendKeys(Unknown Source)
at amzonpkg.AmazonProject.LoginPage.enterPassword(LoginPage.java:41)
at amzonpkg.AmazonProject.TC1_LoginToAmazon.withValidCredentials(TC1_LoginToAmazon.java:24)
at java.base/jdk.internal.reflect.DirectMethodHandleAccessor.invoke(DirectMethodHandleAccessor.java:103)
at java.base/java.lang.reflect.Method.invoke(Method.java:580)
at org.testng.internal.invokers.MethodInvocationHelper.invokeMethod(MethodInvocationHelper.java:141)
at org.testng.internal.invokers.TestInvoker.invokeMethod(TestInvoker.java:686)
at org.testng.internal.invokers.TestInvoker.invokeTestMethod(TestInvoker.java:230)
at org.testng.internal.invokers.MethodRunner.runInSequence(MethodRunner.java:63)
at org.testng.internal.invokers.TestInvoker$MethodInvocationAgent.invoke(TestInvoker.java:992)
at org.testng.internal.invokers.TestInvoker.invokeTestMethods(TestInvoker.java:203)
at org.testng.internal.invokers.TestMethodWorker.invokeTestMethods(TestMethodWorker.java:154)
at org.testng.internal.invokers.TestMethodWorker.run(TestMethodWorker.java:134)
at java.base/java.util.ArrayList.forEach(ArrayList.java:1596)
at org.testng.TestRunner.privateRun(TestRunner.java:739)
at org.testng.TestRunner.run(TestRunner.java:614)
at org.testng.SuiteRunner.runTest(SuiteRunner.java:421)
at org.testng.SuiteRunner.runSequentially(SuiteRunner.java:413)
at org.testng.SuiteRunner.privateRun(SuiteRunner.java:373)
at org.testng.SuiteRunner.run(SuiteRunner.java:312)
at org.testng.SuiteRunnerWorker.runSuite(SuiteRunnerWorker.java:52)
at org.testng.SuiteRunnerWorker.run(SuiteRunnerWorker.java:95)
at org.testng.TestNG.runSuitesSequentially(TestNG.java:1274)
at org.testng.TestNG.runSuitesLocally(TestNG.java:1208)
at org.testng.TestNG.runSuites(TestNG.java:1112)
at org.testng.TestNG.run(TestNG.java:1079)
at org.testng.remote.AbstractRemoteTestNG.run(AbstractRemoteTestNG.java:115)
at org.testng.remote.RemoteTestNG.initAndRun(RemoteTestNG.java:293)
at org.testng.remote.RemoteTestNG.main(RemoteTestNG.java:91)
]]>
            </full-stacktrace>
          </exception> <!-- org.openqa.selenium.StaleElementReferenceException -->
          <reporter-output>
            <line>
              <![CDATA[Browser and URL launched successfully]]>
            </line>
            <line>
              <![CDATA[Hoverover on account and List and Click on sigin is successful]]>
            </line>
          </reporter-output>
        </test-method> <!-- withValidCredentials -->
        <test-method is-config="true" signature="browserQuit()[pri:0, instance:amzonpkg.AmazonProject.TC1_LoginToAmazon@22ff4249]" started-at="2026-03-14T22:15:46 IST" name="browserQuit" finished-at="2026-03-14T22:15:49 IST" duration-ms="2374" status="PASS">
          <reporter-output>
          </reporter-output>
        </test-method> <!-- browserQuit -->
        <test-method is-config="true" signature="launchBrowser(java.lang.String,java.lang.String)[pri:0, instance:amzonpkg.AmazonProject.TC1_LoginToAmazon@22ff4249]" started-at="2026-03-14T22:15:49 IST" name="launchBrowser" finished-at="2026-03-14T22:15:56 IST" duration-ms="7467" status="PASS">
          <params>
            <param index="0">
              <value>
                <![CDATA[chrome]]>
              </value>
            </param>
            <param index="1">
              <value>
                <![CDATA[https://www.amazon.in/]]>
              </value>
            </param>
          </params>
          <reporter-output>
          </reporter-output>
        </test-method> <!-- launchBrowser -->
        <test-method signature="withValidCredentials()[pri:0, instance:amzonpkg.AmazonProject.TC1_LoginToAmazon@22ff4249]" started-at="2026-03-14T22:15:56 IST" name="withValidCredentials" finished-at="2026-03-14T22:16:05 IST" duration-ms="8417" status="PASS">
          <reporter-output>
            <line>
              <![CDATA[Browser and URL launched successfully]]>
            </line>
            <line>
              <![CDATA[Hoverover on account and List and Click on sigin is successful]]>
            </line>
            <line>
              <![CDATA[UserName and Password has been entered successfully]]>
            </line>
            <line>
              <![CDATA[Test Case is Pass as Assertion is alos Pass]]>
            </line>
          </reporter-output>
        </test-method> <!-- withValidCredentials -->
        <test-method is-config="true" signature="browserQuit()[pri:0, instance:amzonpkg.AmazonProject.TC1_LoginToAmazon@22ff4249]" started-at="2026-03-14T22:16:05 IST" name="browserQuit" finished-at="2026-03-14T22:16:08 IST" duration-ms="2424" status="PASS">
          <reporter-output>
          </reporter-output>
        </test-method> <!-- browserQuit -->
      </class> <!-- amzonpkg.AmazonProject.TC1_LoginToAmazon -->
    </test> <!-- Test -->
  </suite> <!-- Suite -->
</testng-results>
