<?xml version="1.0" encoding="UTF-8"?>
<!-- Generated by org.testng.reporters.JUnitReportReporter -->
<testsuite hostname="Githi_Christy" failures="0" tests="2" name="amzonpkg.AmazonProject.TC1_LoginToAmazon" time="25.182" errors="0" timestamp="2026-03-15T11:43:44 IST" skipped="1">
  <testcase classname="amzonpkg.AmazonProject.TC1_LoginToAmazon" name="withValidCredentials" time="14.058">
    <system-out>
      <![CDATA[Browser and URL launched successfully
Hoverover on account and List and Click on sigin is successful
UserName and Password has been entered successfully
Test Case is Pass as Assertion is alos Pass]]>
    </system-out>
  </testcase> <!-- withValidCredentials -->
  <testcase classname="amzonpkg.AmazonProject.TC1_LoginToAmazon" name="withValidCredentials" time="11.124">
    <skipped/>
    <system-out>
      <![CDATA[Browser and URL launched successfully
Hoverover on account and List and Click on sigin is successful
UserName and Password has been entered successfully]]>
    </system-out>
  </testcase> <!-- withValidCredentials -->
  <system-out>
    <![CDATA[Browser and URL launched successfully
Hoverover on account and List and Click on sigin is successful
Searching the product(shoe),clicking on the first result and moving the control to it is successful
click on WishList,click on add to cart is successful
Browser and URL launched successfully
Hoverover on account and List and Click on sigin is successful
Searching the product(shoe),clicking on the first result and moving the control to it is successful
click on WishList,click on add to cart is successful
Hoverover on account and List and Click on signout is successful
Browser and URL launched successfully
Hoverover on account and List and Click on sigin is successful
UserName and Password has been entered successfully
Browser and URL launched successfully
Hoverover on account and List and Click on sigin is successful
UserName and Password has been entered successfully
Test Case is Pass as Assertion is alos Pass
Browser and URL launched successfully
Hoverover on account and List and Click on sigin is successful
Hoverover on account and List and Click on signout is successful
Test Case is Pass as Assertion is alos Pass]]>
  </system-out>
</testsuite> <!-- amzonpkg.AmazonProject.TC1_LoginToAmazon -->
